<?xml version="1.0" encoding="UTF-8"?>
<testsuite name="com.trimble.civil.quoteapi.QuoteApiApplicationTests" tests="1" skipped="0" failures="0" errors="0" timestamp="2019-07-31T18:30:25" hostname="alowe-us-la" time="0.043">
  <properties/>
  <testcase name="contextLoads" classname="com.trimble.civil.quoteapi.QuoteApiApplicationTests" time="0.043"/>
  <system-out><![CDATA[12:30:03.960 [Test worker] DEBUG org.springframework.test.context.junit4.SpringJUnit4ClassRunner - SpringJUnit4ClassRunner constructor called with [class com.trimble.civil.quoteapi.QuoteApiApplicationTests]
12:30:03.968 [Test worker] DEBUG org.springframework.test.context.BootstrapUtils - Instantiating CacheAwareContextLoaderDelegate from class [org.springframework.test.context.cache.DefaultCacheAwareContextLoaderDelegate]
12:30:03.975 [Test worker] DEBUG org.springframework.test.context.BootstrapUtils - Instantiating BootstrapContext using constructor [public org.springframework.test.context.support.DefaultBootstrapContext(java.lang.Class,org.springframework.test.context.CacheAwareContextLoaderDelegate)]
12:30:03.991 [Test worker] DEBUG org.springframework.test.context.BootstrapUtils - Instantiating TestContextBootstrapper for test class [com.trimble.civil.quoteapi.QuoteApiApplicationTests] from class [org.springframework.boot.test.context.SpringBootTestContextBootstrapper]
12:30:04.002 [Test worker] INFO org.springframework.boot.test.context.SpringBootTestContextBootstrapper - Neither @ContextConfiguration nor @ContextHierarchy found for test class [com.trimble.civil.quoteapi.QuoteApiApplicationTests], using SpringBootContextLoader
12:30:04.004 [Test worker] DEBUG org.springframework.test.context.support.AbstractContextLoader - Did not detect default resource location for test class [com.trimble.civil.quoteapi.QuoteApiApplicationTests]: class path resource [com/trimble/civil/quoteapi/QuoteApiApplicationTests-context.xml] does not exist
12:30:04.005 [Test worker] DEBUG org.springframework.test.context.support.AbstractContextLoader - Did not detect default resource location for test class [com.trimble.civil.quoteapi.QuoteApiApplicationTests]: class path resource [com/trimble/civil/quoteapi/QuoteApiApplicationTestsContext.groovy] does not exist
12:30:04.005 [Test worker] INFO org.springframework.test.context.support.AbstractContextLoader - Could not detect default resource locations for test class [com.trimble.civil.quoteapi.QuoteApiApplicationTests]: no resource found for suffixes {-context.xml, Context.groovy}.
12:30:04.006 [Test worker] INFO org.springframework.test.context.support.AnnotationConfigContextLoaderUtils - Could not detect default configuration classes for test class [com.trimble.civil.quoteapi.QuoteApiApplicationTests]: QuoteApiApplicationTests does not declare any static, non-private, non-final, nested classes annotated with @Configuration.
12:30:04.046 [Test worker] DEBUG org.springframework.test.context.support.ActiveProfilesUtils - Could not find an 'annotation declaring class' for annotation type [org.springframework.test.context.ActiveProfiles] and class [com.trimble.civil.quoteapi.QuoteApiApplicationTests]
12:30:04.113 [Test worker] DEBUG org.springframework.context.annotation.ClassPathScanningCandidateComponentProvider - Identified candidate component class: file [/Users/alowe1/Downloads/quote-api/build/classes/java/main/com/trimble/civil/quoteapi/QuoteApiApplication.class]
12:30:04.115 [Test worker] INFO org.springframework.boot.test.context.SpringBootTestContextBootstrapper - Found @SpringBootConfiguration com.trimble.civil.quoteapi.QuoteApiApplication for test class com.trimble.civil.quoteapi.QuoteApiApplicationTests
12:30:04.199 [Test worker] DEBUG org.springframework.boot.test.context.SpringBootTestContextBootstrapper - @TestExecutionListeners is not present for class [com.trimble.civil.quoteapi.QuoteApiApplicationTests]: using defaults.
12:30:04.200 [Test worker] INFO org.springframework.boot.test.context.SpringBootTestContextBootstrapper - Loaded default TestExecutionListener class names from location [META-INF/spring.factories]: [org.springframework.boot.test.autoconfigure.restdocs.RestDocsTestExecutionListener, org.springframework.boot.test.autoconfigure.web.client.MockRestServiceServerResetTestExecutionListener, org.springframework.boot.test.autoconfigure.web.servlet.MockMvcPrintOnlyOnFailureTestExecutionListener, org.springframework.boot.test.autoconfigure.web.servlet.WebDriverTestExecutionListener, org.springframework.boot.test.mock.mockito.MockitoTestExecutionListener, org.springframework.boot.test.mock.mockito.ResetMocksTestExecutionListener, org.springframework.test.context.web.ServletTestExecutionListener, org.springframework.test.context.support.DirtiesContextBeforeModesTestExecutionListener, org.springframework.test.context.support.DependencyInjectionTestExecutionListener, org.springframework.test.context.support.DirtiesContextTestExecutionListener, org.springframework.test.context.transaction.TransactionalTestExecutionListener, org.springframework.test.context.jdbc.SqlScriptsTestExecutionListener]
12:30:04.214 [Test worker] INFO org.springframework.boot.test.context.SpringBootTestContextBootstrapper - Using TestExecutionListeners: [org.springframework.test.context.web.ServletTestExecutionListener@4b01c869, org.springframework.test.context.support.DirtiesContextBeforeModesTestExecutionListener@72c40329, org.springframework.boot.test.mock.mockito.MockitoTestExecutionListener@1278d13f, org.springframework.boot.test.autoconfigure.SpringBootDependencyInjectionTestExecutionListener@4ca44cb4, org.springframework.test.context.support.DirtiesContextTestExecutionListener@9a397c9, org.springframework.test.context.transaction.TransactionalTestExecutionListener@5b2c109f, org.springframework.test.context.jdbc.SqlScriptsTestExecutionListener@f89d3ec, org.springframework.boot.test.autoconfigure.restdocs.RestDocsTestExecutionListener@61a6ef45, org.springframework.boot.test.autoconfigure.web.client.MockRestServiceServerResetTestExecutionListener@742e2167, org.springframework.boot.test.autoconfigure.web.servlet.MockMvcPrintOnlyOnFailureTestExecutionListener@4f3d7f95, org.springframework.boot.test.autoconfigure.web.servlet.WebDriverTestExecutionListener@eead32d, org.springframework.boot.test.mock.mockito.ResetMocksTestExecutionListener@5860d972]
12:30:04.217 [Test worker] DEBUG org.springframework.test.annotation.ProfileValueUtils - Retrieved @ProfileValueSourceConfiguration [null] for test class [com.trimble.civil.quoteapi.QuoteApiApplicationTests]
12:30:04.217 [Test worker] DEBUG org.springframework.test.annotation.ProfileValueUtils - Retrieved ProfileValueSource type [class org.springframework.test.annotation.SystemProfileValueSource] for class [com.trimble.civil.quoteapi.QuoteApiApplicationTests]
12:30:04.218 [Test worker] DEBUG org.springframework.test.annotation.ProfileValueUtils - Retrieved @ProfileValueSourceConfiguration [null] for test class [com.trimble.civil.quoteapi.QuoteApiApplicationTests]
12:30:04.218 [Test worker] DEBUG org.springframework.test.annotation.ProfileValueUtils - Retrieved ProfileValueSource type [class org.springframework.test.annotation.SystemProfileValueSource] for class [com.trimble.civil.quoteapi.QuoteApiApplicationTests]
12:30:04.222 [Test worker] DEBUG org.springframework.test.context.support.AbstractDirtiesContextTestExecutionListener - Before test class: context [DefaultTestContext@478d7f0f testClass = QuoteApiApplicationTests, testInstance = [null], testMethod = [null], testException = [null], mergedContextConfiguration = [WebMergedContextConfiguration@442be5a3 testClass = QuoteApiApplicationTests, locations = '{}', classes = '{class com.trimble.civil.quoteapi.QuoteApiApplication}', contextInitializerClasses = '[]', activeProfiles = '{}', propertySourceLocations = '{}', propertySourceProperties = '{org.springframework.boot.test.context.SpringBootTestContextBootstrapper=true}', contextCustomizers = set[org.springframework.boot.test.autoconfigure.properties.PropertyMappingContextCustomizer@0, org.springframework.boot.test.autoconfigure.web.servlet.WebDriverContextCustomizerFactory$Customizer@7763ae59, org.springframework.boot.test.context.filter.ExcludeFilterContextCustomizer@4f5c2740, org.springframework.boot.test.json.DuplicateJsonObjectContextCustomizerFactory$DuplicateJsonObjectContextCustomizer@6603f0a8, org.springframework.boot.test.mock.mockito.MockitoContextCustomizer@0, org.springframework.boot.test.web.client.TestRestTemplateContextCustomizer@dc9d4bd], resourceBasePath = 'src/main/webapp', contextLoader = 'org.springframework.boot.test.context.SpringBootContextLoader', parent = [null]], attributes = map['org.springframework.test.context.web.ServletTestExecutionListener.activateListener' -> true]], class annotated with @DirtiesContext [false] with mode [null].
12:30:04.222 [Test worker] DEBUG org.springframework.test.annotation.ProfileValueUtils - Retrieved @ProfileValueSourceConfiguration [null] for test class [com.trimble.civil.quoteapi.QuoteApiApplicationTests]
12:30:04.222 [Test worker] DEBUG org.springframework.test.annotation.ProfileValueUtils - Retrieved ProfileValueSource type [class org.springframework.test.annotation.SystemProfileValueSource] for class [com.trimble.civil.quoteapi.QuoteApiApplicationTests]
12:30:04.238 [Test worker] DEBUG org.springframework.test.context.support.TestPropertySourceUtils - Adding inlined properties to environment: {spring.jmx.enabled=false, org.springframework.boot.test.context.SpringBootTestContextBootstrapper=true, server.port=-1}

  .   ____          _            __ _ _
 /\\ / ___'_ __ _ _(_)_ __  __ _ \ \ \ \
( ( )\___ | '_ | '_| | '_ \/ _` | \ \ \ \
 \\/  ___)| |_)| | | | | || (_| |  ) ) ) )
  '  |____| .__|_| |_|_| |_\__, | / / / /
 =========|_|==============|___/=/_/_/_/
 :: Spring Boot ::        (v2.1.6.RELEASE)

2019-07-31 12:30:04.447  INFO 69144 --- [    Test worker] c.t.c.quoteapi.QuoteApiApplicationTests  : Starting QuoteApiApplicationTests on alowe-us-la with PID 69144 (started by alowe1 in /Users/alowe1/Downloads/quote-api)
2019-07-31 12:30:04.449  INFO 69144 --- [    Test worker] c.t.c.quoteapi.QuoteApiApplicationTests  : No active profile set, falling back to default profiles: default
2019-07-31 12:30:05.111  INFO 69144 --- [    Test worker] .s.d.r.c.RepositoryConfigurationDelegate : Bootstrapping Spring Data repositories in DEFAULT mode.
2019-07-31 12:30:05.184  INFO 69144 --- [    Test worker] .s.d.r.c.RepositoryConfigurationDelegate : Finished Spring Data repository scanning in 65ms. Found 2 repository interfaces.
2019-07-31 12:30:05.622  INFO 69144 --- [    Test worker] trationDelegate$BeanPostProcessorChecker : Bean 'org.springframework.transaction.annotation.ProxyTransactionManagementConfiguration' of type [org.springframework.transaction.annotation.ProxyTransactionManagementConfiguration$$EnhancerBySpringCGLIB$$98424301] is not eligible for getting processed by all BeanPostProcessors (for example: not eligible for auto-proxying)
2019-07-31 12:30:05.811  INFO 69144 --- [    Test worker] com.zaxxer.hikari.HikariDataSource       : HikariPool-1 - Starting...
2019-07-31 12:30:06.009  INFO 69144 --- [    Test worker] com.zaxxer.hikari.HikariDataSource       : HikariPool-1 - Start completed.
2019-07-31 12:30:06.104  INFO 69144 --- [    Test worker] o.hibernate.jpa.internal.util.LogHelper  : HHH000204: Processing PersistenceUnitInfo [
	name: default
	...]
2019-07-31 12:30:06.169  INFO 69144 --- [    Test worker] org.hibernate.Version                    : HHH000412: Hibernate Core {5.3.10.Final}
2019-07-31 12:30:06.170  INFO 69144 --- [    Test worker] org.hibernate.cfg.Environment            : HHH000206: hibernate.properties not found
2019-07-31 12:30:06.307  INFO 69144 --- [    Test worker] o.hibernate.annotations.common.Version   : HCANN000001: Hibernate Commons Annotations {5.0.4.Final}
2019-07-31 12:30:06.438  INFO 69144 --- [    Test worker] org.hibernate.dialect.Dialect            : HHH000400: Using dialect: org.hibernate.dialect.H2Dialect
2019-07-31 12:30:07.008  INFO 69144 --- [    Test worker] o.h.t.schema.internal.SchemaCreatorImpl  : HHH000476: Executing import script 'org.hibernate.tool.schema.internal.exec.ScriptSourceInputNonExistentImpl@5807d3d1'
2019-07-31 12:30:07.011  INFO 69144 --- [    Test worker] j.LocalContainerEntityManagerFactoryBean : Initialized JPA EntityManagerFactory for persistence unit 'default'
2019-07-31 12:30:07.343  INFO 69144 --- [    Test worker] o.h.h.i.QueryTranslatorFactoryInitiator  : HHH000397: Using ASTQueryTranslatorFactory
2019-07-31 12:30:07.495  WARN 69144 --- [    Test worker] aWebConfiguration$JpaWebMvcConfiguration : spring.jpa.open-in-view is enabled by default. Therefore, database queries may be performed during view rendering. Explicitly configure spring.jpa.open-in-view to disable this warning
2019-07-31 12:30:08.449  INFO 69144 --- [    Test worker] c.t.c.quoteapi.QuoteApiApplicationTests  : Started QuoteApiApplicationTests in 4.202 seconds (JVM running for 4.999)
File Found : true
]]></system-out>
  <system-err><![CDATA[]]></system-err>
</testsuite>
